{
  "method": "GET",
  "url": "/log",
  "ip": "::1",
  "date": "2025-08-30T03:48:34.772Z"
}{
  "method": "GET",
  "url": "/log",
  "ip": "::1",
  "date": "2025-08-30T03:48:47.400Z"
}{
  "method": "GET",
  "url": "/log",
  "ip": "::1",
  "date": "2025-08-30T03:49:10.061Z"
}{
  "method": "GET",
  "url": "/log",
  "ip": "::1",
  "date": "2025-08-30T03:50:23.735Z"
},
{
  "method": "GET",
  "url": "/log",
  "ip": "::1",
  "date": "2025-08-30T03:50:33.575Z"
},
{
  "method": "GET",
  "url": "/log",
  "ip": "::1",
  "date": "2025-08-31T15:18:28.690Z"
}
